<?xml version="1.0" encoding="UTF-8"?>
<!-- Generated by org.testng.reporters.JUnitXMLReporter -->
<testsuite ignored="28" hostname="saurabhkumar14" failures="7" tests="20" name="Test" time="933.482" errors="0" timestamp="2021-02-11T15:41:01 IST">
  <testcase classname="TestFile.CompletedTripsTest" name="CompletedTripsWindow" time="62.152"/>
  <testcase classname="TestFile.CompletedTripsTest" name="FailedCompletedTripsWindow" time="61.318">
    <failure type="java.lang.AssertionError" message="The following asserts failed:
	expected [false] but found [true]">
      <![CDATA[java.lang.AssertionError: The following asserts failed:
expected [false] but found [true]
at PageFile.CompletedTripsPage.UpComingTripBtnIsNotPresent(CompletedTripsPage.java:37)
at TestFile.CompletedTripsTest.FailedCompletedTripsWindow(CompletedTripsTest.java:105)
at java.base/java.util.ArrayList.forEach(ArrayList.java:1511)
... Removed 29 stack frames]]>
    </failure>
  </testcase> <!-- FailedCompletedTripsWindow -->
  <testcase classname="TestFile.MyProfileTest" name="ProfileWindowCheck" time="64.562"/>
  <testcase classname="TestFile.ModifyDateTest" name="modifyPage" time="32.361"/>
  <testcase classname="TestFile.showMyTicketTest" name="showMyTicket" time="17.818"/>
  <testcase classname="TestFile.MyTripTest" name="MyTripsWindow" time="54.189"/>
  <testcase classname="TestFile.MyTripTest" name="MyTripsWindowFailed" time="54.415">
    <failure type="java.lang.AssertionError" message="The following asserts failed:
	expected [false] but found [true]">
      <![CDATA[java.lang.AssertionError: The following asserts failed:
expected [false] but found [true]
at PageFile.MyTripPage.CompletedBtNIsNotDisplayed(MyTripPage.java:46)
at TestFile.MyTripTest.MyTripsWindowFailed(MyTripTest.java:96)
at java.base/java.util.ArrayList.forEach(ArrayList.java:1511)
... Removed 29 stack frames]]>
    </failure>
  </testcase> <!-- MyTripsWindowFailed -->
  <testcase classname="TestFile.walletCardInfoTest" name="SavedCardInWallet" time="45.331"/>
  <testcase classname="TestFile.SignIn_Test" name="InvalidSignIn" time="32.301">
    <failure type="java.lang.AssertionError" message="The following asserts failed:
	expected [true] but found [false]">
      <![CDATA[java.lang.AssertionError: The following asserts failed:
expected [true] but found [false]
at TestFile.SignIn_Test.InvalidSignIn(SignIn_Test.java:80)
at java.base/java.util.ArrayList.forEach(ArrayList.java:1511)
... Removed 29 stack frames]]>
    </failure>
  </testcase> <!-- InvalidSignIn -->
  <testcase classname="TestFile.SignIn_Test" name="ValidSignIn" time="44.303"/>
  <testcase classname="TestFile.signOutTest" name="InValidSignOutFromAllDevices" time="52.506">
    <failure type="java.lang.AssertionError" message="did not expect [true] but found [true]">
      <![CDATA[java.lang.AssertionError: did not expect [true] but found [true]
at PageFile.walletCardInfoPage.HelpBtNIsNotDisplayed(walletCardInfoPage.java:34)
at TestFile.signOutTest.InValidSignOutFromAllDevices(signOutTest.java:97)
at java.base/java.util.ArrayList.forEach(ArrayList.java:1511)
... Removed 30 stack frames]]>
    </failure>
  </testcase> <!-- InValidSignOutFromAllDevices -->
  <testcase classname="TestFile.signOutTest" name="ValidSignOutFromAllDevices" time="46.627"/>
  <testcase classname="TestFile.rPoolTest" name="carPool" time="37.173"/>
  <testcase classname="TestFile.KnowMoreTest" name="KnowMore" time="9.917">
    <failure type="java.lang.AssertionError" message="expected [true] but found [false]">
      <![CDATA[java.lang.AssertionError: expected [true] but found [false]
at TestFile.KnowMoreTest.KnowMore(KnowMoreTest.java:46)
at java.base/java.util.ArrayList.forEach(ArrayList.java:1511)
... Removed 31 stack frames]]>
    </failure>
  </testcase> <!-- KnowMore -->
  <testcase classname="TestFile.WalletTest" name="WalletBalanceCheck" time="64.994"/>
  <testcase classname="TestFile.SearchBus_Test" name="searchBuses" time="16.601"/>
  <testcase classname="TestFile.cancelTicketTest" name="CancelTicketFuntion" time="18.583"/>
  <testcase classname="TestFile.SafetyProgramTest" name="safetyProgram" time="108.756"/>
  <testcase classname="TestFile.UpdateProfileTest" name="InvalidUpdate" time="48.067">
    <failure type="java.lang.AssertionError" message="expected [true] but found [false]">
      <![CDATA[java.lang.AssertionError: expected [true] but found [false]
at TestFile.UpdateProfileTest.InvalidUpdate(UpdateProfileTest.java:111)
at java.base/java.util.ArrayList.forEach(ArrayList.java:1511)
... Removed 31 stack frames]]>
    </failure>
  </testcase> <!-- InvalidUpdate -->
  <testcase classname="TestFile.UpdateProfileTest" name="ValidUpdate" time="45.872">
    <failure type="org.openqa.selenium.ElementClickInterceptedException" message="element click intercepted: Element &amp;lt;div id=&amp;quot;sign-in-icon-down&amp;quot; class=&amp;quot;icon-down icon ich dib icon-down_WO_BAL&amp;quot;&amp;gt;...&amp;lt;/div&amp;gt; is not clickable at point (1590, 29). Other element would receive the click: &amp;lt;div class=&amp;quot;modalScroller&amp;quot;&amp;gt;...&amp;lt;/div&amp;gt;
  (Session info: headless chrome=88.0.4324.150)
Build info: version: &amp;apos;3.141.59&amp;apos;, revision: &amp;apos;e82be7d358&amp;apos;, time: &amp;apos;2018-11-14T08:17:03&amp;apos;
System info: host: &amp;apos;SAURABHKUMAR14&amp;apos;, ip: &amp;apos;192.168.0.186&amp;apos;, os.name: &amp;apos;Windows 10&amp;apos;, os.arch: &amp;apos;amd64&amp;apos;, os.version: &amp;apos;10.0&amp;apos;, java.version: &amp;apos;14.0.2&amp;apos;
Driver info: org.openqa.selenium.chrome.ChromeDriver
Capabilities {acceptInsecureCerts: false, browserName: chrome, browserVersion: 88.0.4324.150, chrome: {chromedriverVersion: 88.0.4324.96 (68dba2d8a0b14..., userDataDir: C:\Users\SAURAB~1\AppData\L...}, goog:chromeOptions: {debuggerAddress: localhost:59058}, javascriptEnabled: true, networkConnectionEnabled: false, pageLoadStrategy: normal, platform: WINDOWS, platformName: WINDOWS, proxy: Proxy(), setWindowRect: true, strictFileInteractability: false, timeouts: {implicit: 0, pageLoad: 300000, script: 30000}, unhandledPromptBehavior: dismiss and notify, webauthn:extension:largeBlob: true, webauthn:virtualAuthenticators: true}
Session ID: 8637650918cf3e398097f65b8e47ba55">
      <![CDATA[org.openqa.selenium.ElementClickInterceptedException: element click intercepted: Element <div id="sign-in-icon-down" class="icon-down icon ich dib icon-down_WO_BAL">...</div> is not clickable at point (1590, 29). Other element would receive the click: <div class="modalScroller">...</div>
  (Session info: headless chrome=88.0.4324.150)
Build info: version: '3.141.59', revision: 'e82be7d358', time: '2018-11-14T08:17:03'
System info: host: 'SAURABHKUMAR14', ip: '192.168.0.186', os.name: 'Windows 10', os.arch: 'amd64', os.version: '10.0', java.version: '14.0.2'
Driver info: org.openqa.selenium.chrome.ChromeDriver
Capabilities {acceptInsecureCerts: false, browserName: chrome, browserVersion: 88.0.4324.150, chrome: {chromedriverVersion: 88.0.4324.96 (68dba2d8a0b14..., userDataDir: C:\Users\SAURAB~1\AppData\L...}, goog:chromeOptions: {debuggerAddress: localhost:59058}, javascriptEnabled: true, networkConnectionEnabled: false, pageLoadStrategy: normal, platform: WINDOWS, platformName: WINDOWS, proxy: Proxy(), setWindowRect: true, strictFileInteractability: false, timeouts: {implicit: 0, pageLoad: 300000, script: 30000}, unhandledPromptBehavior: dismiss and notify, webauthn:extension:largeBlob: true, webauthn:virtualAuthenticators: true}
Session ID: 8637650918cf3e398097f65b8e47ba55
at org.openqa.selenium.remote.http.W3CHttpResponseCodec.createException(W3CHttpResponseCodec.java:187)
at org.openqa.selenium.remote.http.W3CHttpResponseCodec.decode(W3CHttpResponseCodec.java:122)
at org.openqa.selenium.remote.http.W3CHttpResponseCodec.decode(W3CHttpResponseCodec.java:49)
at org.openqa.selenium.remote.HttpCommandExecutor.execute(HttpCommandExecutor.java:158)
at org.openqa.selenium.remote.service.DriverCommandExecutor.execute(DriverCommandExecutor.java:83)
at org.openqa.selenium.remote.RemoteWebDriver.execute(RemoteWebDriver.java:552)
at org.openqa.selenium.remote.RemoteWebElement.execute(RemoteWebElement.java:285)
at org.openqa.selenium.remote.RemoteWebElement.click(RemoteWebElement.java:84)
at org.openqa.selenium.support.pagefactory.internal.LocatingElementHandler.invoke(LocatingElementHandler.java:51)
at com.sun.proxy.$Proxy14.click(Unknown Source)
at PageFile.SignIn_Page.id(SignIn_Page.java:52)
at TestFile.UpdateProfileTest.ValidUpdate(UpdateProfileTest.java:48)
at java.base/java.util.ArrayList.forEach(ArrayList.java:1511)
... Removed 35 stack frames]]>
    </failure>
  </testcase> <!-- ValidUpdate -->
  <testcase classname="Utils.BaseFIle" name="@BeforeTest setExtent" time="0.0">
    <ignored/>
  </testcase> <!-- @BeforeTest setExtent -->
  <testcase classname="Utils.BaseFIle" name="@BeforeTest setExtent" time="0.0">
    <ignored/>
  </testcase> <!-- @BeforeTest setExtent -->
  <testcase classname="Utils.BaseFIle" name="@BeforeTest setExtent" time="0.0">
    <ignored/>
  </testcase> <!-- @BeforeTest setExtent -->
  <testcase classname="Utils.BaseFIle" name="@BeforeTest setExtent" time="0.0">
    <ignored/>
  </testcase> <!-- @BeforeTest setExtent -->
  <testcase classname="Utils.BaseFIle" name="@BeforeTest setExtent" time="0.0">
    <ignored/>
  </testcase> <!-- @BeforeTest setExtent -->
  <testcase classname="Utils.BaseFIle" name="@BeforeTest setExtent" time="0.0">
    <ignored/>
  </testcase> <!-- @BeforeTest setExtent -->
  <testcase classname="Utils.BaseFIle" name="@BeforeTest setExtent" time="0.0">
    <ignored/>
  </testcase> <!-- @BeforeTest setExtent -->
  <testcase classname="Utils.BaseFIle" name="@BeforeTest setExtent" time="0.0">
    <ignored/>
  </testcase> <!-- @BeforeTest setExtent -->
  <testcase classname="Utils.BaseFIle" name="@BeforeTest setExtent" time="0.0">
    <ignored/>
  </testcase> <!-- @BeforeTest setExtent -->
  <testcase classname="Utils.BaseFIle" name="@BeforeTest setExtent" time="0.0">
    <ignored/>
  </testcase> <!-- @BeforeTest setExtent -->
  <testcase classname="Utils.BaseFIle" name="@BeforeTest setExtent" time="0.0">
    <ignored/>
  </testcase> <!-- @BeforeTest setExtent -->
  <testcase classname="Utils.BaseFIle" name="@BeforeTest setExtent" time="0.0">
    <ignored/>
  </testcase> <!-- @BeforeTest setExtent -->
  <testcase classname="Utils.BaseFIle" name="@BeforeTest setExtent" time="0.0">
    <ignored/>
  </testcase> <!-- @BeforeTest setExtent -->
  <testcase classname="Utils.BaseFIle" name="@BeforeTest setExtent" time="0.0">
    <ignored/>
  </testcase> <!-- @BeforeTest setExtent -->
  <testcase classname="Utils.BaseFIle" name="@AfterTest endReport" time="0.0">
    <ignored/>
  </testcase> <!-- @AfterTest endReport -->
  <testcase classname="Utils.BaseFIle" name="@AfterTest endReport" time="0.0">
    <ignored/>
  </testcase> <!-- @AfterTest endReport -->
  <testcase classname="Utils.BaseFIle" name="@AfterTest endReport" time="0.0">
    <ignored/>
  </testcase> <!-- @AfterTest endReport -->
  <testcase classname="Utils.BaseFIle" name="@AfterTest endReport" time="0.0">
    <ignored/>
  </testcase> <!-- @AfterTest endReport -->
  <testcase classname="Utils.BaseFIle" name="@AfterTest endReport" time="0.0">
    <ignored/>
  </testcase> <!-- @AfterTest endReport -->
  <testcase classname="Utils.BaseFIle" name="@AfterTest endReport" time="0.0">
    <ignored/>
  </testcase> <!-- @AfterTest endReport -->
  <testcase classname="Utils.BaseFIle" name="@AfterTest endReport" time="0.0">
    <ignored/>
  </testcase> <!-- @AfterTest endReport -->
  <testcase classname="Utils.BaseFIle" name="@AfterTest endReport" time="0.0">
    <ignored/>
  </testcase> <!-- @AfterTest endReport -->
  <testcase classname="Utils.BaseFIle" name="@AfterTest endReport" time="0.0">
    <ignored/>
  </testcase> <!-- @AfterTest endReport -->
  <testcase classname="Utils.BaseFIle" name="@AfterTest endReport" time="0.0">
    <ignored/>
  </testcase> <!-- @AfterTest endReport -->
  <testcase classname="Utils.BaseFIle" name="@AfterTest endReport" time="0.0">
    <ignored/>
  </testcase> <!-- @AfterTest endReport -->
  <testcase classname="Utils.BaseFIle" name="@AfterTest endReport" time="0.0">
    <ignored/>
  </testcase> <!-- @AfterTest endReport -->
  <testcase classname="Utils.BaseFIle" name="@AfterTest endReport" time="0.0">
    <ignored/>
  </testcase> <!-- @AfterTest endReport -->
  <testcase classname="Utils.BaseFIle" name="@AfterTest endReport" time="0.0">
    <ignored/>
  </testcase> <!-- @AfterTest endReport -->
</testsuite> <!-- Test -->
